<?xml version="1.0" encoding="UTF-8"?>
<testsuite xmlns:xsi="http://www.w3.org/2001/XMLSchema-instance" xsi:noNamespaceSchemaLocation="https://maven.apache.org/surefire/maven-surefire-plugin/xsd/surefire-test-report.xsd" version="3.0.2" name="com.pfe.facturation.controller.DebugFactureControllerTest" time="19.516" tests="1" errors="0" skipped="0" failures="0" flakes="0">
  <properties>
[...]
</properties>
  <testcase name="testFindById" classname="com.pfe.facturation.controller.DebugFactureControllerTest" time="1.364">
    <system-out><![CDATA[16:33:07.667 [main] INFO org.springframework.test.context.support.AnnotationConfigContextLoaderUtils -- Could not detect default configuration classes for test class [com.pfe.facturation.controller.DebugFactureControllerTest]: DebugFactureControllerTest does not declare any static, non-private, non-final, nested classes annotated with @Configuration.
16:33:08.116 [main] INFO org.springframework.boot.test.context.SpringBootTestContextBootstrapper -- Found @SpringBootConfiguration com.pfe.facturation.FacturationApplication for test class com.pfe.facturation.controller.DebugFactureControllerTest

  .   ____          _            __ _ _
 /\\ / ___'_ __ _ _(_)_ __  __ _ \ \ \ \
( ( )\___ | '_ | '_| | '_ \/ _` | \ \ \ \
 \\/  ___)| |_)| | | | | || (_| |  ) ) ) )
  '  |____| .__|_| |_|_| |_\__, | / / / /
 =========|_|==============|___/=/_/_/_/

 :: Spring Boot ::               (v3.5.12)

2026-04-02T16:33:09.260+02:00  INFO 14012 --- [facturation-app] [           main] c.p.f.c.DebugFactureControllerTest       : Starting DebugFactureControllerTest using Java 25.0.2 with PID 14012 (started by Lenovo in C:\Users\Lenovo\.gemini\antigravity\scratch\facturation-app\backend)
2026-04-02T16:33:09.262+02:00 DEBUG 14012 --- [facturation-app] [           main] c.p.f.c.DebugFactureControllerTest       : Running with Spring Boot v3.5.12, Spring v6.2.17
2026-04-02T16:33:09.263+02:00  INFO 14012 --- [facturation-app] [           main] c.p.f.c.DebugFactureControllerTest       : The following 1 profile is active: "dev"
2026-04-02T16:33:11.927+02:00  INFO 14012 --- [facturation-app] [           main] .s.d.r.c.RepositoryConfigurationDelegate : Bootstrapping Spring Data JPA repositories in DEFAULT mode.
2026-04-02T16:33:12.158+02:00  INFO 14012 --- [facturation-app] [           main] .s.d.r.c.RepositoryConfigurationDelegate : Finished Spring Data repository scanning in 202 ms. Found 4 JPA repository interfaces.
2026-04-02T16:33:14.298+02:00  INFO 14012 --- [facturation-app] [           main] o.hibernate.jpa.internal.util.LogHelper  : HHH000204: Processing PersistenceUnitInfo [name: default]
2026-04-02T16:33:14.471+02:00  INFO 14012 --- [facturation-app] [           main] org.hibernate.Version                    : HHH000412: Hibernate ORM core version 6.6.44.Final
2026-04-02T16:33:14.584+02:00  INFO 14012 --- [facturation-app] [           main] o.h.c.internal.RegionFactoryInitiator    : HHH000026: Second-level cache disabled
2026-04-02T16:33:15.585+02:00  INFO 14012 --- [facturation-app] [           main] o.s.o.j.p.SpringPersistenceUnitInfo      : No LoadTimeWeaver setup: ignoring JPA class transformer
2026-04-02T16:33:15.647+02:00  INFO 14012 --- [facturation-app] [           main] com.zaxxer.hikari.HikariDataSource       : HikariPool-1 - Starting...
2026-04-02T16:33:16.014+02:00  INFO 14012 --- [facturation-app] [           main] com.zaxxer.hikari.pool.HikariPool        : HikariPool-1 - Added connection conn0: url=jdbc:h2:mem:facturation_db user=SA
2026-04-02T16:33:16.017+02:00  INFO 14012 --- [facturation-app] [           main] com.zaxxer.hikari.HikariDataSource       : HikariPool-1 - Start completed.
2026-04-02T16:33:16.171+02:00  INFO 14012 --- [facturation-app] [           main] org.hibernate.orm.connections.pooling    : HHH10001005: Database info:
	Database JDBC URL [Connecting through datasource 'HikariDataSource (HikariPool-1)']
	Database driver: undefined/unknown
	Database version: 2.3.232
	Autocommit mode: undefined/unknown
	Isolation level: undefined/unknown
	Minimum pool size: undefined/unknown
	Maximum pool size: undefined/unknown
2026-04-02T16:33:18.143+02:00  INFO 14012 --- [facturation-app] [           main] o.h.e.t.j.p.i.JtaPlatformInitiator       : HHH000489: No JTA platform available (set 'hibernate.transaction.jta.platform' to enable JTA platform integration)
2026-04-02T16:33:18.288+02:00  INFO 14012 --- [facturation-app] [           main] j.LocalContainerEntityManagerFactoryBean : Initialized JPA EntityManagerFactory for persistence unit 'default'
2026-04-02T16:33:19.380+02:00  INFO 14012 --- [facturation-app] [           main] o.s.d.j.r.query.QueryEnhancerFactory     : Hibernate is in classpath; If applicable, HQL parser will be used.
2026-04-02T16:33:21.646+02:00  INFO 14012 --- [facturation-app] [           main] eAuthenticationProviderManagerConfigurer : Global AuthenticationManager configured with AuthenticationProvider bean with name authenticationProvider
2026-04-02T16:33:21.648+02:00  WARN 14012 --- [facturation-app] [           main] r$InitializeUserDetailsManagerConfigurer : Global AuthenticationManager configured with an AuthenticationProvider bean. UserDetailsService beans will not be used by Spring Security for automatically configuring username/password login. Consider removing the AuthenticationProvider bean. Alternatively, consider using the UserDetailsService in a manually instantiated DaoAuthenticationProvider. If the current configuration is intentional, to turn off this warning, increase the logging level of 'org.springframework.security.config.annotation.authentication.configuration.InitializeUserDetailsBeanManagerConfigurer' to ERROR
2026-04-02T16:33:22.641+02:00  WARN 14012 --- [facturation-app] [           main] JpaBaseConfiguration$JpaWebConfiguration : spring.jpa.open-in-view is enabled by default. Therefore, database queries may be performed during view rendering. Explicitly configure spring.jpa.open-in-view to disable this warning
2026-04-02T16:33:24.293+02:00  INFO 14012 --- [facturation-app] [           main] o.s.b.a.h2.H2ConsoleAutoConfiguration    : H2 console available at '/h2-console'. Database available at 'jdbc:h2:mem:facturation_db'
2026-04-02T16:33:24.518+02:00  INFO 14012 --- [facturation-app] [           main] o.s.b.t.m.w.SpringBootMockServletContext : Initializing Spring TestDispatcherServlet ''
2026-04-02T16:33:24.519+02:00  INFO 14012 --- [facturation-app] [           main] o.s.t.web.servlet.TestDispatcherServlet  : Initializing Servlet ''
2026-04-02T16:33:24.520+02:00  INFO 14012 --- [facturation-app] [           main] o.s.t.web.servlet.TestDispatcherServlet  : Completed initialization in 1 ms
2026-04-02T16:33:24.579+02:00  INFO 14012 --- [facturation-app] [           main] c.p.f.c.DebugFactureControllerTest       : Started DebugFactureControllerTest in 16.117 seconds (process running for 20.147)
2026-04-02T16:33:24.791+02:00  INFO 14012 --- [facturation-app] [           main] c.p.f.security.config.DataInitializer    : Base de données vide. Création des utilisateurs de test...
2026-04-02T16:33:25.330+02:00  INFO 14012 --- [facturation-app] [           main] c.p.f.security.config.DataInitializer    : Utilisateurs créés avec succès :
2026-04-02T16:33:25.331+02:00  INFO 14012 --- [facturation-app] [           main] c.p.f.security.config.DataInitializer    :  ADMIN : admin@test.com / admin123
2026-04-02T16:33:25.331+02:00  INFO 14012 --- [facturation-app] [           main] c.p.f.security.config.DataInitializer    :  USER  : user@test.com / user123
2026-04-02T16:33:26.355+02:00  INFO 14012 --- [facturation-app] [           main] c.p.facturation.service.FactureService   : Facture créée : FAC-2026-0001 pour le client MockMvc Client

MockHttpServletRequest:
      HTTP Method = GET
      Request URI = /api/factures/1
       Parameters = {}
          Headers = []
             Body = <no character encoding set>
    Session Attrs = {}

Handler:
             Type = com.pfe.facturation.controller.FactureController
           Method = com.pfe.facturation.controller.FactureController#findById(Long)

Async:
    Async started = false
     Async result = null

Resolved Exception:
             Type = null

ModelAndView:
        View name = null
             View = null
            Model = null

FlashMap:
       Attributes = null

MockHttpServletResponse:
           Status = 200
    Error message = null
          Headers = [Content-Type:"application/json"]
     Content type = application/json
             Body = {"id":1,"numero":"FAC-2026-0001","statut":"BROUILLON","dateEmission":"2026-04-02T16:33:26.327589","dateEcheance":null,"notes":"notes","createdByEmail":"admin@test.com","client":{"id":1,"nom":"MockMvc Client","email":null,"telephone":null,"adresse":null,"ville":null,"codePostal":null,"pays":"Tunisie","ice":null},"lignes":[{"id":1,"designation":"Test Ligne","quantite":5,"prixUnitaireHT":100.00,"tauxTva":20.0,"montantHT":500.00,"montantTva":100.00,"montantTTC":600.00,"produitId":null}],"totalHT":500.00,"totalTva":100.00,"totalTTC":600.00}
    Forwarded URL = null
   Redirected URL = null
          Cookies = []
]]></system-out>
    <system-err><![CDATA[Mockito is currently self-attaching to enable the inline-mock-maker. This will no longer work in future releases of the JDK. Please add Mockito as an agent to your build as described in Mockito's documentation: https://javadoc.io/doc/org.mockito/mockito-core/latest/org.mockito/org/mockito/Mockito.html#0.3
WARNING: A Java agent has been loaded dynamically (C:\Users\Lenovo\.m2\repository\net\bytebuddy\byte-buddy-agent\1.17.8\byte-buddy-agent-1.17.8.jar)
WARNING: If a serviceability tool is in use, please run with -XX:+EnableDynamicAgentLoading to hide this warning
WARNING: If a serviceability tool is not in use, please run with -Djdk.instrument.traceUsage for more information
WARNING: Dynamic loading of agents will be disallowed by default in a future release
]]></system-err>
  </testcase>
</testsuite>